Running prime number generator program on 40 CPU cores
{'cal_ratio': 0.25,
 'd': 100,
 'is_homo': False,
 'n': 1000,
 'ntest': 1000,
 'rho': 0.0}
  0%|          | 0/100 [00:00<?, ?it/s] 30%|███       | 30/100 [00:00<00:00, 130.04it/s] 30%|███       | 30/100 [00:19<00:00, 130.04it/s]R[write to console]: Loading required namespace: gbm

R[write to console]: Loading required namespace: gbm

 60%|██████    | 60/100 [00:45<00:35,  1.12it/s] R[write to console]: Loading required namespace: gbm

R[write to console]: Loading required namespace: gbm

R[write to console]: Loading required namespace: gbm

R[write to console]: Loading required namespace: gbm

R[write to console]: Loading required namespace: gbm

R[write to console]: Loading required namespace: gbm

R[write to console]: Loading required namespace: gbm

R[write to console]: Loading required namespace: gbm

R[write to console]: Loading required namespace: gbm

R[write to console]: Loading required namespace: gbm

R[write to console]: Loading required namespace: gbm

R[write to console]: Loading required namespace: gbm

R[write to console]: Loading required namespace: gbm

R[write to console]: Loading required namespace: gbm

R[write to console]: Loading required namespace: gbm

R[write to console]: Loading required namespace: gbm

R[write to console]: Loading required namespace: gbm

R[write to console]: Loading required namespace: gbm

R[write to console]: Loading required namespace: gbm

R[write to console]: Loading required namespace: gbm

R[write to console]: Loading required namespace: gbm

R[write to console]: Loading required namespace: gbm

R[write to console]: Loading required namespace: gbm

R[write to console]: Loading required namespace: gbm

R[write to console]: Loading required namespace: gbm

R[write to console]: Loading required namespace: gbm

R[write to console]: Loading required namespace: gbm

R[write to console]: Loading required namespace: gbm

 90%|█████████ | 90/100 [01:22<00:10,  1.05s/it]100%|██████████| 100/100 [01:22<00:00,  1.21it/s]
Save to /data/rajlab1/user_data/jin/MyResearch/DG-CITE_paper/bash_scripts/../mypkg/../results/demo_setting7_sc1a/res_demo.pkl
