Running prime number generator program on 40 CPU cores
{'cal_ratio': 0.25,
 'd': 100,
 'is_homo': False,
 'n': 1000,
 'ntest': 1000,
 'rho': 0.9}
  0%|          | 0/100 [00:00<?, ?it/s] 30%|███       | 30/100 [00:00<00:01, 50.54it/s] 30%|███       | 30/100 [00:19<00:01, 50.54it/s]R[write to console]: Loading required namespace: gbm

R[write to console]: Loading required namespace: gbm

R[write to console]: Loading required namespace: gbm

 60%|██████    | 60/100 [01:29<01:09,  1.74s/it]R[write to console]: Loading required namespace: gbm

R[write to console]: Loading required namespace: gbm

R[write to console]: Loading required namespace: gbm

R[write to console]: Loading required namespace: gbm

R[write to console]: Loading required namespace: gbm

R[write to console]: Loading required namespace: gbm

R[write to console]: Loading required namespace: gbm

R[write to console]: Loading required namespace: gbm

R[write to console]: Loading required namespace: gbm

R[write to console]: Loading required namespace: gbm

R[write to console]: Loading required namespace: gbm

R[write to console]: Loading required namespace: gbm

R[write to console]: Loading required namespace: gbm

R[write to console]: Loading required namespace: gbm

R[write to console]: Loading required namespace: gbm

R[write to console]: Loading required namespace: gbm

R[write to console]: Loading required namespace: gbm

R[write to console]: Loading required namespace: gbm

R[write to console]: Loading required namespace: gbm

R[write to console]: Loading required namespace: gbm

R[write to console]: Loading required namespace: gbm

R[write to console]: Loading required namespace: gbm

R[write to console]: Loading required namespace: gbm

R[write to console]: Loading required namespace: gbm

R[write to console]: Loading required namespace: gbm

R[write to console]: Loading required namespace: gbm

R[write to console]: Loading required namespace: gbm

 90%|█████████ | 90/100 [03:01<00:23,  2.35s/it]100%|██████████| 100/100 [03:01<00:00,  1.81s/it]
Save to /data/rajlab1/user_data/jin/MyResearch/DG-CITE_paper/bash_scripts/../mypkg/../results/demo_setting8_sc1/res_demo.pkl
