Running prime number generator program on 40 CPU cores
{'cal_ratio': 0.25,
 'd': 100,
 'is_homo': True,
 'n': 1000,
 'ntest': 1000,
 'rho': 0}
  0%|          | 0/100 [00:00<?, ?it/s] 30%|███       | 30/100 [00:00<00:01, 67.13it/s] 30%|███       | 30/100 [00:19<00:01, 67.13it/s]R[write to console]: Loading required namespace: gbm

 60%|██████    | 60/100 [00:58<00:46,  1.15s/it]R[write to console]: Loading required namespace: gbm

R[write to console]: Loading required namespace: gbm

R[write to console]: Loading required namespace: gbm

R[write to console]: Loading required namespace: gbm

R[write to console]: Loading required namespace: gbm

R[write to console]: Loading required namespace: gbm

R[write to console]: Loading required namespace: gbm

R[write to console]: Loading required namespace: gbm

R[write to console]: Loading required namespace: gbm

R[write to console]: Loading required namespace: gbm

R[write to console]: Loading required namespace: gbm

R[write to console]: Loading required namespace: gbm

R[write to console]: Loading required namespace: gbm

R[write to console]: Loading required namespace: gbm

R[write to console]: Loading required namespace: gbm

R[write to console]: Loading required namespace: gbm

R[write to console]: Loading required namespace: gbm

R[write to console]: Loading required namespace: gbm

R[write to console]: Loading required namespace: gbm

R[write to console]: Loading required namespace: gbm

R[write to console]: Loading required namespace: gbm

R[write to console]: Loading required namespace: gbm

R[write to console]: Loading required namespace: gbm

R[write to console]: Loading required namespace: gbm

R[write to console]: Loading required namespace: gbm

R[write to console]: Loading required namespace: gbm

R[write to console]: Loading required namespace: gbm

R[write to console]: Loading required namespace: gbm

R[write to console]: Loading required namespace: gbm

 90%|█████████ | 90/100 [02:18<00:18,  1.83s/it]100%|██████████| 100/100 [02:18<00:00,  1.38s/it]
Save to /data/rajlab1/user_data/jin/MyResearch/DG-CITE_paper/bash_scripts/../mypkg/../results/demo_setting5_sc1z/res_demo.pkl
